--------------------------------------------------------------------------------
Release 14.7 Trace  (nt64)
Copyright (c) 1995-2013 Xilinx, Inc.  All rights reserved.

C:\Xilinx\14.7\ISE_DS\ISE\bin\nt64\unwrapped\trce.exe -intstyle ise -o
mojo_top_0.twr -v 30 -l 30 mojo_top_0_routed.ncd mojo_top_0.pcf

Design file:              mojo_top_0_routed.ncd
Physical constraint file: mojo_top_0.pcf
Device,package,speed:     xc6slx9,tqg144,C,-2 (PRODUCTION 1.23 2013-10-13)
Report level:             verbose report, limited to 30 items per constraint

Environment Variable      Effect 
--------------------      ------ 
NONE                      No environment variables were set
--------------------------------------------------------------------------------

INFO:Timing:3412 - To improve timing, see the Timing Closure User Guide (UG612).
INFO:Timing:2752 - To get complete path coverage, use the unconstrained paths 
   option. All paths that are not constrained will be reported in the 
   unconstrained paths section(s) of the report.
INFO:Timing:3339 - The clock-to-out numbers in this timing report are based on 
   a 50 Ohm transmission line loading model.  For the details of this model, 
   and for more information on accounting for different loading conditions, 
   please see the device datasheet.

================================================================================
Timing constraint: TS_clk = PERIOD TIMEGRP "clk" 50 MHz HIGH 50%;
For more information, see Period Analysis in the Timing Closure User Guide (UG612).

 5 paths analyzed, 5 endpoints analyzed, 0 failing endpoints
 0 timing errors detected. (0 setup errors, 0 hold errors, 0 component switching limit errors)
 Minimum period is   2.666ns.
--------------------------------------------------------------------------------
Slack:                  18.156ns (requirement - (data path - clock path skew + uncertainty))
  Source:               reset_cond/M_stage_q_3 (FF)
  Destination:          M_state_q (FF)
  Requirement:          20.000ns
  Data Path Delay:      1.784ns (Levels of Logic = 0)
  Clock Path Skew:      -0.025ns (0.685 - 0.710)
  Source Clock:         clk_BUFGP rising at 0.000ns
  Destination Clock:    clk_BUFGP rising at 20.000ns
  Clock Uncertainty:    0.035ns

  Clock Uncertainty:          0.035ns  ((TSJ^2 + TIJ^2)^1/2 + DJ) / 2 + PE
    Total System Jitter (TSJ):  0.070ns
    Total Input Jitter (TIJ):   0.000ns
    Discrete Jitter (DJ):       0.000ns
    Phase Error (PE):           0.000ns

  Maximum Data Path at Slow Process Corner: reset_cond/M_stage_q_3 to M_state_q
    Location             Delay type         Delay(ns)  Physical Resource
                                                       Logical Resource(s)
    -------------------------------------------------  -------------------
    SLICE_X19Y26.AMUX    Tshcko                0.518   reset_cond/M_stage_q[2]
                                                       reset_cond/M_stage_q_3
    SLICE_X18Y35.SR      net (fanout=2)        0.871   M_reset_cond_out
    SLICE_X18Y35.CLK     Tsrck                 0.395   M_state_q
                                                       M_state_q
    -------------------------------------------------  ---------------------------
    Total                                      1.784ns (0.913ns logic, 0.871ns route)
                                                       (51.2% logic, 48.8% route)

--------------------------------------------------------------------------------
Slack:                  18.496ns (requirement - (data path - clock path skew + uncertainty))
  Source:               reset_cond/M_stage_q_1 (FF)
  Destination:          reset_cond/M_stage_q_2 (FF)
  Requirement:          20.000ns
  Data Path Delay:      1.469ns (Levels of Logic = 0)
  Clock Path Skew:      0.000ns
  Source Clock:         clk_BUFGP rising at 0.000ns
  Destination Clock:    clk_BUFGP rising at 20.000ns
  Clock Uncertainty:    0.035ns

  Clock Uncertainty:          0.035ns  ((TSJ^2 + TIJ^2)^1/2 + DJ) / 2 + PE
    Total System Jitter (TSJ):  0.070ns
    Total Input Jitter (TIJ):   0.000ns
    Discrete Jitter (DJ):       0.000ns
    Phase Error (PE):           0.000ns

  Maximum Data Path at Slow Process Corner: reset_cond/M_stage_q_1 to reset_cond/M_stage_q_2
    Location             Delay type         Delay(ns)  Physical Resource
                                                       Logical Resource(s)
    -------------------------------------------------  -------------------
    SLICE_X19Y26.BQ      Tcko                  0.430   reset_cond/M_stage_q[2]
                                                       reset_cond/M_stage_q_1
    SLICE_X19Y26.CX      net (fanout=1)        0.925   reset_cond/M_stage_q[1]
    SLICE_X19Y26.CLK     Tdick                 0.114   reset_cond/M_stage_q[2]
                                                       reset_cond/M_stage_q_2
    -------------------------------------------------  ---------------------------
    Total                                      1.469ns (0.544ns logic, 0.925ns route)
                                                       (37.0% logic, 63.0% route)

--------------------------------------------------------------------------------
Slack:                  18.532ns (requirement - (data path - clock path skew + uncertainty))
  Source:               reset_cond/M_stage_q_0 (FF)
  Destination:          reset_cond/M_stage_q_1 (FF)
  Requirement:          20.000ns
  Data Path Delay:      1.433ns (Levels of Logic = 0)
  Clock Path Skew:      0.000ns
  Source Clock:         clk_BUFGP rising at 0.000ns
  Destination Clock:    clk_BUFGP rising at 20.000ns
  Clock Uncertainty:    0.035ns

  Clock Uncertainty:          0.035ns  ((TSJ^2 + TIJ^2)^1/2 + DJ) / 2 + PE
    Total System Jitter (TSJ):  0.070ns
    Total Input Jitter (TIJ):   0.000ns
    Discrete Jitter (DJ):       0.000ns
    Phase Error (PE):           0.000ns

  Maximum Data Path at Slow Process Corner: reset_cond/M_stage_q_0 to reset_cond/M_stage_q_1
    Location             Delay type         Delay(ns)  Physical Resource
                                                       Logical Resource(s)
    -------------------------------------------------  -------------------
    SLICE_X19Y26.AQ      Tcko                  0.430   reset_cond/M_stage_q[2]
                                                       reset_cond/M_stage_q_0
    SLICE_X19Y26.BX      net (fanout=1)        0.889   reset_cond/M_stage_q[0]
    SLICE_X19Y26.CLK     Tdick                 0.114   reset_cond/M_stage_q[2]
                                                       reset_cond/M_stage_q_1
    -------------------------------------------------  ---------------------------
    Total                                      1.433ns (0.544ns logic, 0.889ns route)
                                                       (38.0% logic, 62.0% route)

--------------------------------------------------------------------------------
Slack:                  18.900ns (requirement - (data path - clock path skew + uncertainty))
  Source:               M_state_q (FF)
  Destination:          M_state_q (FF)
  Requirement:          20.000ns
  Data Path Delay:      1.065ns (Levels of Logic = 1)
  Clock Path Skew:      0.000ns
  Source Clock:         clk_BUFGP rising at 0.000ns
  Destination Clock:    clk_BUFGP rising at 20.000ns
  Clock Uncertainty:    0.035ns

  Clock Uncertainty:          0.035ns  ((TSJ^2 + TIJ^2)^1/2 + DJ) / 2 + PE
    Total System Jitter (TSJ):  0.070ns
    Total Input Jitter (TIJ):   0.000ns
    Discrete Jitter (DJ):       0.000ns
    Phase Error (PE):           0.000ns

  Maximum Data Path at Slow Process Corner: M_state_q to M_state_q
    Location             Delay type         Delay(ns)  Physical Resource
                                                       Logical Resource(s)
    -------------------------------------------------  -------------------
    SLICE_X18Y35.CQ      Tcko                  0.476   M_state_q
                                                       M_state_q
    SLICE_X18Y35.C5      net (fanout=2)        0.240   M_state_q
    SLICE_X18Y35.CLK     Tas                   0.349   M_state_q
                                                       M_state_q_glue_set
                                                       M_state_q
    -------------------------------------------------  ---------------------------
    Total                                      1.065ns (0.825ns logic, 0.240ns route)
                                                       (77.5% logic, 22.5% route)

--------------------------------------------------------------------------------
Slack:                  18.969ns (requirement - (data path - clock path skew + uncertainty))
  Source:               reset_cond/M_stage_q_2 (FF)
  Destination:          reset_cond/M_stage_q_3 (FF)
  Requirement:          20.000ns
  Data Path Delay:      0.996ns (Levels of Logic = 1)
  Clock Path Skew:      0.000ns
  Source Clock:         clk_BUFGP rising at 0.000ns
  Destination Clock:    clk_BUFGP rising at 20.000ns
  Clock Uncertainty:    0.035ns

  Clock Uncertainty:          0.035ns  ((TSJ^2 + TIJ^2)^1/2 + DJ) / 2 + PE
    Total System Jitter (TSJ):  0.070ns
    Total Input Jitter (TIJ):   0.000ns
    Discrete Jitter (DJ):       0.000ns
    Phase Error (PE):           0.000ns

  Maximum Data Path at Slow Process Corner: reset_cond/M_stage_q_2 to reset_cond/M_stage_q_3
    Location             Delay type         Delay(ns)  Physical Resource
                                                       Logical Resource(s)
    -------------------------------------------------  -------------------
    SLICE_X19Y26.CQ      Tcko                  0.430   reset_cond/M_stage_q[2]
                                                       reset_cond/M_stage_q_2
    SLICE_X19Y26.A4      net (fanout=1)        0.302   reset_cond/M_stage_q[2]
    SLICE_X19Y26.CLK     Tas                   0.264   reset_cond/M_stage_q[2]
                                                       reset_cond/M_stage_q[2]_rt
                                                       reset_cond/M_stage_q_3
    -------------------------------------------------  ---------------------------
    Total                                      0.996ns (0.694ns logic, 0.302ns route)
                                                       (69.7% logic, 30.3% route)

--------------------------------------------------------------------------------

Component Switching Limit Checks: TS_clk = PERIOD TIMEGRP "clk" 50 MHz HIGH 50%;
--------------------------------------------------------------------------------
Slack: 17.334ns (period - min period limit)
  Period: 20.000ns
  Min period limit: 2.666ns (375.094MHz) (Tbcper_I)
  Physical resource: clk_BUFGP/BUFG/I0
  Logical resource: clk_BUFGP/BUFG/I0
  Location pin: BUFGMUX_X2Y11.I0
  Clock network: clk_BUFGP/IBUFG
--------------------------------------------------------------------------------
Slack: 19.525ns (period - min period limit)
  Period: 20.000ns
  Min period limit: 0.475ns (2105.263MHz) (Tcp)
  Physical resource: M_state_q/CLK
  Logical resource: M_state_q/CK
  Location pin: SLICE_X18Y35.CLK
  Clock network: clk_BUFGP
--------------------------------------------------------------------------------
Slack: 19.530ns (period - min period limit)
  Period: 20.000ns
  Min period limit: 0.470ns (2127.660MHz) (Tcp)
  Physical resource: reset_cond/M_stage_q[2]/CLK
  Logical resource: reset_cond/M_stage_q_3/CK
  Location pin: SLICE_X19Y26.CLK
  Clock network: clk_BUFGP
--------------------------------------------------------------------------------
Slack: 19.530ns (period - (min high pulse limit / (high pulse / period)))
  Period: 20.000ns
  High pulse: 10.000ns
  High pulse limit: 0.235ns (Trpw)
  Physical resource: reset_cond/M_stage_q[2]/SR
  Logical resource: reset_cond/M_stage_q_3/SR
  Location pin: SLICE_X19Y26.SR
  Clock network: M_reset_cond_in
--------------------------------------------------------------------------------
Slack: 19.530ns (period - min period limit)
  Period: 20.000ns
  Min period limit: 0.470ns (2127.660MHz) (Tcp)
  Physical resource: reset_cond/M_stage_q[2]/CLK
  Logical resource: reset_cond/M_stage_q_0/CK
  Location pin: SLICE_X19Y26.CLK
  Clock network: clk_BUFGP
--------------------------------------------------------------------------------
Slack: 19.530ns (period - min period limit)
  Period: 20.000ns
  Min period limit: 0.470ns (2127.660MHz) (Tcp)
  Physical resource: reset_cond/M_stage_q[2]/CLK
  Logical resource: reset_cond/M_stage_q_1/CK
  Location pin: SLICE_X19Y26.CLK
  Clock network: clk_BUFGP
--------------------------------------------------------------------------------
Slack: 19.530ns (period - min period limit)
  Period: 20.000ns
  Min period limit: 0.470ns (2127.660MHz) (Tcp)
  Physical resource: reset_cond/M_stage_q[2]/CLK
  Logical resource: reset_cond/M_stage_q_2/CK
  Location pin: SLICE_X19Y26.CLK
  Clock network: clk_BUFGP
--------------------------------------------------------------------------------


All constraints were met.


Data Sheet report:
-----------------
All values displayed in nanoseconds (ns)

Clock to Setup on destination clock clk
---------------+---------+---------+---------+---------+
               | Src:Rise| Src:Fall| Src:Rise| Src:Fall|
Source Clock   |Dest:Rise|Dest:Rise|Dest:Fall|Dest:Fall|
---------------+---------+---------+---------+---------+
clk            |    1.844|         |         |         |
---------------+---------+---------+---------+---------+


Timing summary:
---------------

Timing errors: 0  Score: 0  (Setup/Max: 0, Hold: 0)

Constraints cover 5 paths, 0 nets, and 8 connections

Design statistics:
   Minimum period:   2.666ns{1}   (Maximum frequency: 375.094MHz)


------------------------------------Footnotes-----------------------------------
1)  The minimum period statistic assumes all single cycle delays.

Analysis completed Sun Oct 09 22:42:16 2016 
--------------------------------------------------------------------------------

Trace Settings:
-------------------------
Trace Settings 

Peak Memory Usage: 221 MB



