--------------------------------------------------------------------------------
Release 14.7 Trace  (nt64)
Copyright (c) 1995-2013 Xilinx, Inc.  All rights reserved.

C:\Xilinx\14.7\ISE_DS\ISE\bin\nt64\unwrapped\trce.exe -intstyle ise -o
mojo_top_0.twr -v 30 -l 30 mojo_top_0_routed.ncd mojo_top_0.pcf

Design file:              mojo_top_0_routed.ncd
Physical constraint file: mojo_top_0.pcf
Device,package,speed:     xc6slx9,tqg144,C,-2 (PRODUCTION 1.23 2013-10-13)
Report level:             verbose report, limited to 30 items per constraint

Environment Variable      Effect 
--------------------      ------ 
NONE                      No environment variables were set
--------------------------------------------------------------------------------

INFO:Timing:3412 - To improve timing, see the Timing Closure User Guide (UG612).
INFO:Timing:2752 - To get complete path coverage, use the unconstrained paths 
   option. All paths that are not constrained will be reported in the 
   unconstrained paths section(s) of the report.
INFO:Timing:3339 - The clock-to-out numbers in this timing report are based on 
   a 50 Ohm transmission line loading model.  For the details of this model, 
   and for more information on accounting for different loading conditions, 
   please see the device datasheet.

================================================================================
Timing constraint: TS_clk = PERIOD TIMEGRP "clk" 50 MHz HIGH 50%;
For more information, see Period Analysis in the Timing Closure User Guide (UG612).

 3 paths analyzed, 3 endpoints analyzed, 0 failing endpoints
 0 timing errors detected. (0 setup errors, 0 hold errors, 0 component switching limit errors)
 Minimum period is   2.666ns.
--------------------------------------------------------------------------------
Slack:                  18.225ns (requirement - (data path - clock path skew + uncertainty))
  Source:               reset_cond/M_stage_q_2 (FF)
  Destination:          reset_cond/M_stage_q_3 (FF)
  Requirement:          20.000ns
  Data Path Delay:      2.220ns (Levels of Logic = 0)
  Clock Path Skew:      0.480ns (0.684 - 0.204)
  Source Clock:         clk_BUFGP rising at 0.000ns
  Destination Clock:    clk_BUFGP rising at 20.000ns
  Clock Uncertainty:    0.035ns

  Clock Uncertainty:          0.035ns  ((TSJ^2 + TIJ^2)^1/2 + DJ) / 2 + PE
    Total System Jitter (TSJ):  0.070ns
    Total Input Jitter (TIJ):   0.000ns
    Discrete Jitter (DJ):       0.000ns
    Phase Error (PE):           0.000ns

  Maximum Data Path at Slow Process Corner: reset_cond/M_stage_q_2 to reset_cond/M_stage_q_3
    Location             Delay type         Delay(ns)  Physical Resource
                                                       Logical Resource(s)
    -------------------------------------------------  -------------------
    SLICE_X10Y61.CQ      Tcko                  0.476   reset_cond/M_stage_q[2]
                                                       reset_cond/M_stage_q_2
    OLOGIC_X6Y63.D1      net (fanout=1)        0.566   reset_cond/M_stage_q[2]
    OLOGIC_X6Y63.CLK0    Todck                 1.178   M_reset_cond_out
                                                       reset_cond/M_stage_q_3
    -------------------------------------------------  ---------------------------
    Total                                      2.220ns (1.654ns logic, 0.566ns route)
                                                       (74.5% logic, 25.5% route)

--------------------------------------------------------------------------------
Slack:                  18.481ns (requirement - (data path - clock path skew + uncertainty))
  Source:               reset_cond/M_stage_q_0 (FF)
  Destination:          reset_cond/M_stage_q_1 (FF)
  Requirement:          20.000ns
  Data Path Delay:      1.484ns (Levels of Logic = 0)
  Clock Path Skew:      0.000ns
  Source Clock:         clk_BUFGP rising at 0.000ns
  Destination Clock:    clk_BUFGP rising at 20.000ns
  Clock Uncertainty:    0.035ns

  Clock Uncertainty:          0.035ns  ((TSJ^2 + TIJ^2)^1/2 + DJ) / 2 + PE
    Total System Jitter (TSJ):  0.070ns
    Total Input Jitter (TIJ):   0.000ns
    Discrete Jitter (DJ):       0.000ns
    Phase Error (PE):           0.000ns

  Maximum Data Path at Slow Process Corner: reset_cond/M_stage_q_0 to reset_cond/M_stage_q_1
    Location             Delay type         Delay(ns)  Physical Resource
                                                       Logical Resource(s)
    -------------------------------------------------  -------------------
    SLICE_X10Y61.AQ      Tcko                  0.476   reset_cond/M_stage_q[2]
                                                       reset_cond/M_stage_q_0
    SLICE_X10Y61.BX      net (fanout=1)        0.894   reset_cond/M_stage_q[0]
    SLICE_X10Y61.CLK     Tdick                 0.114   reset_cond/M_stage_q[2]
                                                       reset_cond/M_stage_q_1
    -------------------------------------------------  ---------------------------
    Total                                      1.484ns (0.590ns logic, 0.894ns route)
                                                       (39.8% logic, 60.2% route)

--------------------------------------------------------------------------------
Slack:                  18.729ns (requirement - (data path - clock path skew + uncertainty))
  Source:               reset_cond/M_stage_q_1 (FF)
  Destination:          reset_cond/M_stage_q_2 (FF)
  Requirement:          20.000ns
  Data Path Delay:      1.236ns (Levels of Logic = 0)
  Clock Path Skew:      0.000ns
  Source Clock:         clk_BUFGP rising at 0.000ns
  Destination Clock:    clk_BUFGP rising at 20.000ns
  Clock Uncertainty:    0.035ns

  Clock Uncertainty:          0.035ns  ((TSJ^2 + TIJ^2)^1/2 + DJ) / 2 + PE
    Total System Jitter (TSJ):  0.070ns
    Total Input Jitter (TIJ):   0.000ns
    Discrete Jitter (DJ):       0.000ns
    Phase Error (PE):           0.000ns

  Maximum Data Path at Slow Process Corner: reset_cond/M_stage_q_1 to reset_cond/M_stage_q_2
    Location             Delay type         Delay(ns)  Physical Resource
                                                       Logical Resource(s)
    -------------------------------------------------  -------------------
    SLICE_X10Y61.BQ      Tcko                  0.476   reset_cond/M_stage_q[2]
                                                       reset_cond/M_stage_q_1
    SLICE_X10Y61.CX      net (fanout=1)        0.646   reset_cond/M_stage_q[1]
    SLICE_X10Y61.CLK     Tdick                 0.114   reset_cond/M_stage_q[2]
                                                       reset_cond/M_stage_q_2
    -------------------------------------------------  ---------------------------
    Total                                      1.236ns (0.590ns logic, 0.646ns route)
                                                       (47.7% logic, 52.3% route)

--------------------------------------------------------------------------------

Component Switching Limit Checks: TS_clk = PERIOD TIMEGRP "clk" 50 MHz HIGH 50%;
--------------------------------------------------------------------------------
Slack: 17.334ns (period - min period limit)
  Period: 20.000ns
  Min period limit: 2.666ns (375.094MHz) (Tbcper_I)
  Physical resource: clk_BUFGP/BUFG/I0
  Logical resource: clk_BUFGP/BUFG/I0
  Location pin: BUFGMUX_X2Y11.I0
  Clock network: clk_BUFGP/IBUFG
--------------------------------------------------------------------------------
Slack: 17.751ns (period - min period limit)
  Period: 20.000ns
  Min period limit: 2.249ns (444.642MHz) (Tockper)
  Physical resource: M_reset_cond_out/CLK0
  Logical resource: reset_cond/M_stage_q_3/CK0
  Location pin: OLOGIC_X6Y63.CLK0
  Clock network: clk_BUFGP
--------------------------------------------------------------------------------
Slack: 19.525ns (period - min period limit)
  Period: 20.000ns
  Min period limit: 0.475ns (2105.263MHz) (Tcp)
  Physical resource: reset_cond/M_stage_q[2]/CLK
  Logical resource: reset_cond/M_stage_q_0/CK
  Location pin: SLICE_X10Y61.CLK
  Clock network: clk_BUFGP
--------------------------------------------------------------------------------
Slack: 19.525ns (period - min period limit)
  Period: 20.000ns
  Min period limit: 0.475ns (2105.263MHz) (Tcp)
  Physical resource: reset_cond/M_stage_q[2]/CLK
  Logical resource: reset_cond/M_stage_q_1/CK
  Location pin: SLICE_X10Y61.CLK
  Clock network: clk_BUFGP
--------------------------------------------------------------------------------
Slack: 19.525ns (period - min period limit)
  Period: 20.000ns
  Min period limit: 0.475ns (2105.263MHz) (Tcp)
  Physical resource: reset_cond/M_stage_q[2]/CLK
  Logical resource: reset_cond/M_stage_q_2/CK
  Location pin: SLICE_X10Y61.CLK
  Clock network: clk_BUFGP
--------------------------------------------------------------------------------


All constraints were met.


Data Sheet report:
-----------------
All values displayed in nanoseconds (ns)

Clock to Setup on destination clock clk
---------------+---------+---------+---------+---------+
               | Src:Rise| Src:Fall| Src:Rise| Src:Fall|
Source Clock   |Dest:Rise|Dest:Rise|Dest:Fall|Dest:Fall|
---------------+---------+---------+---------+---------+
clk            |    1.775|         |         |         |
---------------+---------+---------+---------+---------+


Timing summary:
---------------

Timing errors: 0  Score: 0  (Setup/Max: 0, Hold: 0)

Constraints cover 3 paths, 0 nets, and 6 connections

Design statistics:
   Minimum period:   2.666ns{1}   (Maximum frequency: 375.094MHz)


------------------------------------Footnotes-----------------------------------
1)  The minimum period statistic assumes all single cycle delays.

Analysis completed Sun Oct 09 09:53:14 2016 
--------------------------------------------------------------------------------

Trace Settings:
-------------------------
Trace Settings 

Peak Memory Usage: 220 MB



